<?xml version="1.0" encoding="UTF-8"?>
<testsuite name="Cucumber" time="35.937" tests="1" skipped="0" failures="0" errors="0">
<testcase classname="To validate that Buy module is working properly" name="User is able to get error messages for filling invalid details" time="35.534">
<system-out><![CDATA[
Given User is inside Ready to move shortcut.................................passed
When User click on Get Phone no. button to fill invalid details.............passed
And User click on Get Contact Details button to fill invalid details........passed
Then User is able to get diffrent error messages details via email..........passed
]]></system-out>
</testcase>
</testsuite>
