<?xml version="1.0" encoding="UTF-8"?>
<testng-results ignored="0" total="1" passed="1" failed="0" skipped="0">
  <reporter-output>
  </reporter-output>
  <suite started-at="2024-04-18T15:11:22 IST" name="Default suite" finished-at="2024-04-18T15:12:02 IST" duration-ms="40178">
    <groups>
      <group name="cucumber">
        <method signature="AbstractTestNGCucumberTests.runScenario(io.cucumber.testng.PickleWrapper,io.cucumber.testng.FeatureWrapper)[pri:0, instance:MbTestRunner.MbBuyRunner@48e1f6c7]" name="runScenario" class="io.cucumber.testng.AbstractTestNGCucumberTests"/>
      </group> <!-- cucumber -->
    </groups>
    <test started-at="2024-04-18T15:11:22 IST" name="Default test" finished-at="2024-04-18T15:12:02 IST" duration-ms="40178">
      <class name="MbTestRunner.MbBuyRunner">
        <test-method is-config="true" signature="setUpClass(org.testng.ITestContext)[pri:0, instance:MbTestRunner.MbBuyRunner@48e1f6c7]" started-at="2024-04-18T15:11:22 IST" name="setUpClass" finished-at="2024-04-18T15:11:24 IST" duration-ms="1839" status="PASS">
          <params>
            <param index="0">
              <value>
                <![CDATA[org.testng.TestRunner@6d969330]]>
              </value>
            </param>
          </params>
          <reporter-output>
          </reporter-output>
        </test-method> <!-- setUpClass -->
        <test-method signature="runScenario(io.cucumber.testng.PickleWrapper,io.cucumber.testng.FeatureWrapper)[pri:0, instance:MbTestRunner.MbBuyRunner@48e1f6c7]" started-at="2024-04-18T15:11:24 IST" name="runScenario" description="Runs Cucumber Scenarios" data-provider="scenarios" finished-at="2024-04-18T15:12:00 IST" duration-ms="35703" status="PASS">
          <params>
            <param index="0">
              <value>
                <![CDATA["User is able to get error messages for filling invalid details"]]>
              </value>
            </param>
            <param index="1">
              <value>
                <![CDATA["To validate that Buy module is working properly"]]>
              </value>
            </param>
          </params>
          <reporter-output>
          </reporter-output>
        </test-method> <!-- runScenario -->
        <test-method is-config="true" signature="tearDownClass()[pri:0, instance:MbTestRunner.MbBuyRunner@48e1f6c7]" started-at="2024-04-18T15:12:00 IST" name="tearDownClass" finished-at="2024-04-18T15:12:02 IST" duration-ms="2529" status="PASS">
          <reporter-output>
          </reporter-output>
        </test-method> <!-- tearDownClass -->
      </class> <!-- MbTestRunner.MbBuyRunner -->
    </test> <!-- Default test -->
  </suite> <!-- Default suite -->
</testng-results>
